2025-04-03T17:11:09.705+09:00  INFO 15684 --- [sboard] [restartedMain] kr.co.sboard.SboardApplication           : Starting SboardApplication v1.0.0-RELEASE using Java 17.0.12 with PID 15684 (C:\Users\lotte6\Desktop\workspace\sboard\build\classes\java\main started by lotte6 in C:\Users\lotte6\Desktop\workspace\sboard)
2025-04-03T17:11:09.709+09:00  INFO 15684 --- [sboard] [restartedMain] kr.co.sboard.SboardApplication           : No active profile set, falling back to 1 default profile: "default"
2025-04-03T17:11:09.746+09:00  INFO 15684 --- [sboard] [restartedMain] .e.DevToolsPropertyDefaultsPostProcessor : Devtools property defaults active! Set 'spring.devtools.add-properties' to 'false' to disable
2025-04-03T17:11:09.746+09:00  INFO 15684 --- [sboard] [restartedMain] .e.DevToolsPropertyDefaultsPostProcessor : For additional web related logging consider setting the 'logging.level.web' property to 'DEBUG'
2025-04-03T17:11:10.430+09:00  INFO 15684 --- [sboard] [restartedMain] .s.d.r.c.RepositoryConfigurationDelegate : Bootstrapping Spring Data JPA repositories in DEFAULT mode.
2025-04-03T17:11:10.493+09:00  INFO 15684 --- [sboard] [restartedMain] .s.d.r.c.RepositoryConfigurationDelegate : Finished Spring Data repository scanning in 50 ms. Found 5 JPA repository interfaces.
2025-04-03T17:11:11.037+09:00  INFO 15684 --- [sboard] [restartedMain] o.s.b.w.embedded.tomcat.TomcatWebServer  : Tomcat initialized with port 8080 (http)
2025-04-03T17:11:11.048+09:00  INFO 15684 --- [sboard] [restartedMain] o.apache.catalina.core.StandardService   : Starting service [Tomcat]
2025-04-03T17:11:11.049+09:00  INFO 15684 --- [sboard] [restartedMain] o.apache.catalina.core.StandardEngine    : Starting Servlet engine: [Apache Tomcat/10.1.39]
2025-04-03T17:11:11.089+09:00  INFO 15684 --- [sboard] [restartedMain] o.a.c.c.C.[Tomcat].[localhost].[/]       : Initializing Spring embedded WebApplicationContext
2025-04-03T17:11:11.089+09:00  INFO 15684 --- [sboard] [restartedMain] w.s.c.ServletWebServerApplicationContext : Root WebApplicationContext: initialization completed in 1343 ms
2025-04-03T17:11:11.144+09:00  WARN 15684 --- [sboard] [restartedMain] o.a.c.c.C.[Tomcat].[localhost].[/]       : Cannot deserialize session attribute [SPRING_SECURITY_CONTEXT] for session [293554C01BA6566EC371051ECC0D07D9]
2025-04-03T17:11:11.260+09:00  INFO 15684 --- [sboard] [restartedMain] o.hibernate.jpa.internal.util.LogHelper  : HHH000204: Processing PersistenceUnitInfo [name: default]
2025-04-03T17:11:11.307+09:00  INFO 15684 --- [sboard] [restartedMain] org.hibernate.Version                    : HHH000412: Hibernate ORM core version 6.6.11.Final
2025-04-03T17:11:11.336+09:00  INFO 15684 --- [sboard] [restartedMain] o.h.c.internal.RegionFactoryInitiator    : HHH000026: Second-level cache disabled
2025-04-03T17:11:11.583+09:00  INFO 15684 --- [sboard] [restartedMain] o.s.o.j.p.SpringPersistenceUnitInfo      : No LoadTimeWeaver setup: ignoring JPA class transformer
2025-04-03T17:11:11.610+09:00  INFO 15684 --- [sboard] [restartedMain] com.zaxxer.hikari.HikariDataSource       : HikariPool-1 - Starting...
2025-04-03T17:11:11.974+09:00  INFO 15684 --- [sboard] [restartedMain] com.zaxxer.hikari.pool.HikariPool        : HikariPool-1 - Added connection com.mysql.cj.jdbc.ConnectionImpl@7251db95
2025-04-03T17:11:11.975+09:00  INFO 15684 --- [sboard] [restartedMain] com.zaxxer.hikari.HikariDataSource       : HikariPool-1 - Start completed.
2025-04-03T17:11:12.049+09:00  WARN 15684 --- [sboard] [restartedMain] org.hibernate.orm.deprecation            : HHH90000025: MySQLDialect does not need to be specified explicitly using 'hibernate.dialect' (remove the property setting and it will be selected by default)
2025-04-03T17:11:12.065+09:00  INFO 15684 --- [sboard] [restartedMain] org.hibernate.orm.connections.pooling    : HHH10001005: Database info:
	Database JDBC URL [Connecting through datasource 'HikariDataSource (HikariPool-1)']
	Database driver: undefined/unknown
	Database version: 8.4.4
	Autocommit mode: undefined/unknown
	Isolation level: undefined/unknown
	Minimum pool size: undefined/unknown
	Maximum pool size: undefined/unknown
2025-04-03T17:11:12.864+09:00  INFO 15684 --- [sboard] [restartedMain] o.h.e.t.j.p.i.JtaPlatformInitiator       : HHH000489: No JTA platform available (set 'hibernate.transaction.jta.platform' to enable JTA platform integration)
2025-04-03T17:11:12.867+09:00  INFO 15684 --- [sboard] [restartedMain] j.LocalContainerEntityManagerFactoryBean : Initialized JPA EntityManagerFactory for persistence unit 'default'
2025-04-03T17:11:13.415+09:00  WARN 15684 --- [sboard] [restartedMain] JpaBaseConfiguration$JpaWebConfiguration : spring.jpa.open-in-view is enabled by default. Therefore, database queries may be performed during view rendering. Explicitly configure spring.jpa.open-in-view to disable this warning
2025-04-03T17:11:13.447+09:00  INFO 15684 --- [sboard] [restartedMain] r$InitializeUserDetailsManagerConfigurer : Global AuthenticationManager configured with UserDetailsService bean with name myUserDetailsService
2025-04-03T17:11:13.967+09:00  WARN 15684 --- [sboard] [restartedMain] o.s.b.d.a.OptionalLiveReloadServer       : Unable to start LiveReload server
2025-04-03T17:11:13.987+09:00  WARN 15684 --- [sboard] [restartedMain] ConfigServletWebServerApplicationContext : Exception encountered during context initialization - cancelling refresh attempt: org.springframework.context.ApplicationContextException: Failed to start bean 'webServerStartStop'
2025-04-03T17:11:13.989+09:00  INFO 15684 --- [sboard] [restartedMain] j.LocalContainerEntityManagerFactoryBean : Closing JPA EntityManagerFactory for persistence unit 'default'
2025-04-03T17:11:13.991+09:00  INFO 15684 --- [sboard] [restartedMain] com.zaxxer.hikari.HikariDataSource       : HikariPool-1 - Shutdown initiated...
2025-04-03T17:11:14.089+09:00  INFO 15684 --- [sboard] [restartedMain] com.zaxxer.hikari.HikariDataSource       : HikariPool-1 - Shutdown completed.
2025-04-03T17:11:14.101+09:00  INFO 15684 --- [sboard] [restartedMain] .s.b.a.l.ConditionEvaluationReportLogger : 

Error starting ApplicationContext. To display the condition evaluation report re-run your application with 'debug' enabled.
2025-04-03T17:11:14.118+09:00 ERROR 15684 --- [sboard] [restartedMain] o.s.b.d.LoggingFailureAnalysisReporter   : 

***************************
APPLICATION FAILED TO START
***************************

Description:

Web server failed to start. Port 8080 was already in use.

Action:

Identify and stop the process that's listening on port 8080 or configure this application to listen on another port.

2025-04-03T19:38:21.955+09:00  INFO 15640 --- [sboard] [restartedMain] kr.co.sboard.SboardApplication           : Starting SboardApplication v1.0.0-RELEASE using Java 17.0.12 with PID 15640 (C:\Users\lotte6\Desktop\workspace\sboard\build\classes\java\main started by lotte6 in C:\Users\lotte6\Desktop\workspace\sboard)
2025-04-03T19:38:21.957+09:00  INFO 15640 --- [sboard] [restartedMain] kr.co.sboard.SboardApplication           : No active profile set, falling back to 1 default profile: "default"
2025-04-03T19:38:21.996+09:00  INFO 15640 --- [sboard] [restartedMain] .e.DevToolsPropertyDefaultsPostProcessor : Devtools property defaults active! Set 'spring.devtools.add-properties' to 'false' to disable
2025-04-03T19:38:21.996+09:00  INFO 15640 --- [sboard] [restartedMain] .e.DevToolsPropertyDefaultsPostProcessor : For additional web related logging consider setting the 'logging.level.web' property to 'DEBUG'
2025-04-03T19:38:22.586+09:00  INFO 15640 --- [sboard] [restartedMain] .s.d.r.c.RepositoryConfigurationDelegate : Bootstrapping Spring Data JPA repositories in DEFAULT mode.
2025-04-03T19:38:22.656+09:00  INFO 15640 --- [sboard] [restartedMain] .s.d.r.c.RepositoryConfigurationDelegate : Finished Spring Data repository scanning in 57 ms. Found 5 JPA repository interfaces.
2025-04-03T19:38:23.184+09:00  INFO 15640 --- [sboard] [restartedMain] o.s.b.w.embedded.tomcat.TomcatWebServer  : Tomcat initialized with port 8080 (http)
2025-04-03T19:38:23.192+09:00  INFO 15640 --- [sboard] [restartedMain] o.apache.catalina.core.StandardService   : Starting service [Tomcat]
2025-04-03T19:38:23.193+09:00  INFO 15640 --- [sboard] [restartedMain] o.apache.catalina.core.StandardEngine    : Starting Servlet engine: [Apache Tomcat/10.1.39]
2025-04-03T19:38:23.232+09:00  INFO 15640 --- [sboard] [restartedMain] o.a.c.c.C.[Tomcat].[localhost].[/]       : Initializing Spring embedded WebApplicationContext
2025-04-03T19:38:23.232+09:00  INFO 15640 --- [sboard] [restartedMain] w.s.c.ServletWebServerApplicationContext : Root WebApplicationContext: initialization completed in 1235 ms
2025-04-03T19:38:23.373+09:00  INFO 15640 --- [sboard] [restartedMain] o.hibernate.jpa.internal.util.LogHelper  : HHH000204: Processing PersistenceUnitInfo [name: default]
2025-04-03T19:38:23.412+09:00  INFO 15640 --- [sboard] [restartedMain] org.hibernate.Version                    : HHH000412: Hibernate ORM core version 6.6.11.Final
2025-04-03T19:38:23.440+09:00  INFO 15640 --- [sboard] [restartedMain] o.h.c.internal.RegionFactoryInitiator    : HHH000026: Second-level cache disabled
2025-04-03T19:38:23.679+09:00  INFO 15640 --- [sboard] [restartedMain] o.s.o.j.p.SpringPersistenceUnitInfo      : No LoadTimeWeaver setup: ignoring JPA class transformer
2025-04-03T19:38:23.703+09:00  INFO 15640 --- [sboard] [restartedMain] com.zaxxer.hikari.HikariDataSource       : HikariPool-1 - Starting...
2025-04-03T19:38:24.010+09:00  INFO 15640 --- [sboard] [restartedMain] com.zaxxer.hikari.pool.HikariPool        : HikariPool-1 - Added connection com.mysql.cj.jdbc.ConnectionImpl@2edac324
2025-04-03T19:38:24.012+09:00  INFO 15640 --- [sboard] [restartedMain] com.zaxxer.hikari.HikariDataSource       : HikariPool-1 - Start completed.
2025-04-03T19:38:24.073+09:00  WARN 15640 --- [sboard] [restartedMain] org.hibernate.orm.deprecation            : HHH90000025: MySQLDialect does not need to be specified explicitly using 'hibernate.dialect' (remove the property setting and it will be selected by default)
2025-04-03T19:38:24.093+09:00  INFO 15640 --- [sboard] [restartedMain] org.hibernate.orm.connections.pooling    : HHH10001005: Database info:
	Database JDBC URL [Connecting through datasource 'HikariDataSource (HikariPool-1)']
	Database driver: undefined/unknown
	Database version: 8.4.4
	Autocommit mode: undefined/unknown
	Isolation level: undefined/unknown
	Minimum pool size: undefined/unknown
	Maximum pool size: undefined/unknown
2025-04-03T19:38:24.866+09:00  INFO 15640 --- [sboard] [restartedMain] o.h.e.t.j.p.i.JtaPlatformInitiator       : HHH000489: No JTA platform available (set 'hibernate.transaction.jta.platform' to enable JTA platform integration)
2025-04-03T19:38:24.868+09:00  INFO 15640 --- [sboard] [restartedMain] j.LocalContainerEntityManagerFactoryBean : Initialized JPA EntityManagerFactory for persistence unit 'default'
2025-04-03T19:38:25.412+09:00  WARN 15640 --- [sboard] [restartedMain] JpaBaseConfiguration$JpaWebConfiguration : spring.jpa.open-in-view is enabled by default. Therefore, database queries may be performed during view rendering. Explicitly configure spring.jpa.open-in-view to disable this warning
2025-04-03T19:38:25.444+09:00  INFO 15640 --- [sboard] [restartedMain] r$InitializeUserDetailsManagerConfigurer : Global AuthenticationManager configured with UserDetailsService bean with name myUserDetailsService
2025-04-03T19:38:25.972+09:00  WARN 15640 --- [sboard] [restartedMain] o.s.b.d.a.OptionalLiveReloadServer       : Unable to start LiveReload server
2025-04-03T19:38:25.992+09:00  WARN 15640 --- [sboard] [restartedMain] ConfigServletWebServerApplicationContext : Exception encountered during context initialization - cancelling refresh attempt: org.springframework.context.ApplicationContextException: Failed to start bean 'webServerStartStop'
2025-04-03T19:38:25.994+09:00  INFO 15640 --- [sboard] [restartedMain] j.LocalContainerEntityManagerFactoryBean : Closing JPA EntityManagerFactory for persistence unit 'default'
2025-04-03T19:38:25.996+09:00  INFO 15640 --- [sboard] [restartedMain] com.zaxxer.hikari.HikariDataSource       : HikariPool-1 - Shutdown initiated...
2025-04-03T19:38:26.101+09:00  INFO 15640 --- [sboard] [restartedMain] com.zaxxer.hikari.HikariDataSource       : HikariPool-1 - Shutdown completed.
2025-04-03T19:38:26.111+09:00  INFO 15640 --- [sboard] [restartedMain] .s.b.a.l.ConditionEvaluationReportLogger : 

Error starting ApplicationContext. To display the condition evaluation report re-run your application with 'debug' enabled.
2025-04-03T19:38:26.128+09:00 ERROR 15640 --- [sboard] [restartedMain] o.s.b.d.LoggingFailureAnalysisReporter   : 

***************************
APPLICATION FAILED TO START
***************************

Description:

Web server failed to start. Port 8080 was already in use.

Action:

Identify and stop the process that's listening on port 8080 or configure this application to listen on another port.

